# JRE version: OpenJDK Runtime Environment (8.0_232-b09) (build 1.8.0_232-8u232-b09-0ubuntu1~18.04.1-b09)
# Java VM: OpenJDK 64-Bit Server VM (25.232-b09 mixed mode linux-amd64 compressed oops)
Heap:
 PSYoungGen      total 6524416K, used 1114212K [0x000000056ab00000, 0x00000007c0000000, 0x00000007c0000000)
  eden space 3262464K, 0% used [0x000000056ab00000,0x000000056ab00000,0x0000000631d00000)
  from space 3261952K, 34% used [0x0000000631d00000,0x0000000675d19120,0x00000006f8e80000)
  to   space 3261952K, 0% used [0x00000006f8e80000,0x00000006f8e80000,0x00000007c0000000)
 ParOldGen       total 16316928K, used 16316614K [0x00000000c0000000, 0x00000004a3e80000, 0x000000056ab00000)
  object space 16316928K, 99% used [0x00000000c0000000,0x00000004a3e31ac0,0x00000004a3e80000)
 Metaspace       used 13068K, capacity 13404K, committed 13568K, reserved 1060864K
  class space    used 1353K, capacity 1478K, committed 1536K, reserved 1048576K
GC Heap History (10 events):
Event: 5572,902 GC heap after
Heap after GC invocations=41 (full 8):
 PSYoungGen      total 6524416K, used 845408K [0x000000056ab00000, 0x00000007c0000000, 0x00000007c0000000)
  eden space 3262464K, 0% used [0x000000056ab00000,0x000000056ab00000,0x0000000631d00000)
  from space 3261952K, 25% used [0x0000000631d00000,0x0000000665698000,0x00000006f8e80000)
  to   space 3261952K, 0% used [0x00000006f8e80000,0x00000006f8e80000,0x00000007c0000000)
 ParOldGen       total 16316928K, used 13290077K [0x00000000c0000000, 0x00000004a3e80000, 0x000000056ab00000)
  object space 16316928K, 81% used [0x00000000c0000000,0x00000003eb297430,0x00000004a3e80000)
 Metaspace       used 13068K, capacity 13404K, committed 13568K, reserved 1060864K
  class space    used 1353K, capacity 1478K, committed 1536K, reserved 1048576K
}
Event: 6007,413 GC heap before
{Heap before GC invocations=42 (full 8):
 PSYoungGen      total 6524416K, used 4107872K [0x000000056ab00000, 0x00000007c0000000, 0x00000007c0000000)
  eden space 3262464K, 100% used [0x000000056ab00000,0x0000000631d00000,0x0000000631d00000)
  from space 3261952K, 25% used [0x0000000631d00000,0x0000000665698000,0x00000006f8e80000)
  to   space 3261952K, 0% used [0x00000006f8e80000,0x00000006f8e80000,0x00000007c0000000)
 ParOldGen       total 16316928K, used 13290077K [0x00000000c0000000, 0x00000004a3e80000, 0x000000056ab00000)
  object space 16316928K, 81% used [0x00000000c0000000,0x00000003eb297430,0x00000004a3e80000)
 Metaspace       used 13068K, capacity 13404K, committed 13568K, reserved 1060864K
  class space    used 1353K, capacity 1478K, committed 1536K, reserved 1048576K
Event: 6007,946 GC heap after
Heap after GC invocations=42 (full 8):
 PSYoungGen      total 6466048K, used 831680K [0x000000056ab00000, 0x00000007bc700000, 0x00000007c0000000)
  eden space 3262464K, 0% used [0x000000056ab00000,0x000000056ab00000,0x0000000631d00000)
  from space 3203584K, 25% used [0x00000006f8e80000,0x000000072bab0000,0x00000007bc700000)
  to   space 3232768K, 0% used [0x0000000631d00000,0x0000000631d00000,0x00000006f7200000)
 ParOldGen       total 16316928K, used 14120125K [0x00000000c0000000, 0x00000004a3e80000, 0x000000056ab00000)
  object space 16316928K, 86% used [0x00000000c0000000,0x000000041dd2f430,0x00000004a3e80000)
 Metaspace       used 13068K, capacity 13404K, committed 13568K, reserved 1060864K
  class space    used 1353K, capacity 1478K, committed 1536K, reserved 1048576K
}
Event: 6316,383 GC heap before
{Heap before GC invocations=43 (full 8):
 PSYoungGen      total 6466048K, used 4094144K [0x000000056ab00000, 0x00000007bc700000, 0x00000007c0000000)
  eden space 3262464K, 100% used [0x000000056ab00000,0x0000000631d00000,0x0000000631d00000)
  from space 3203584K, 25% used [0x00000006f8e80000,0x000000072bab0000,0x00000007bc700000)
  to   space 3232768K, 0% used [0x0000000631d00000,0x0000000631d00000,0x00000006f7200000)
 ParOldGen       total 16316928K, used 14120125K [0x00000000c0000000, 0x00000004a3e80000, 0x000000056ab00000)
  object space 16316928K, 86% used [0x00000000c0000000,0x000000041dd2f430,0x00000004a3e80000)
 Metaspace       used 13068K, capacity 13404K, committed 13568K, reserved 1060864K
  class space    used 1353K, capacity 1478K, committed 1536K, reserved 1048576K
Event: 6316,816 GC heap after
Heap after GC invocations=43 (full 8):
 PSYoungGen      total 6495232K, used 1674208K [0x000000056ab00000, 0x00000007bd480000, 0x00000007c0000000)
  eden space 3262464K, 0% used [0x000000056ab00000,0x000000056ab00000,0x0000000631d00000)
  from space 3232768K, 51% used [0x0000000631d00000,0x0000000697ff8000,0x00000006f7200000)
  to   space 3195904K, 0% used [0x00000006fa380000,0x00000006fa380000,0x00000007bd480000)
 ParOldGen       total 16316928K, used 14120125K [0x00000000c0000000, 0x00000004a3e80000, 0x000000056ab00000)
  object space 16316928K, 86% used [0x00000000c0000000,0x000000041dd2f430,0x00000004a3e80000)
 Metaspace       used 13068K, capacity 13404K, committed 13568K, reserved 1060864K
  class space    used 1353K, capacity 1478K, committed 1536K, reserved 1048576K
}
Event: 6698,569 GC heap before
{Heap before GC invocations=44 (full 8):
 PSYoungGen      total 6495232K, used 4936672K [0x000000056ab00000, 0x00000007bd480000, 0x00000007c0000000)
  eden space 3262464K, 100% used [0x000000056ab00000,0x0000000631d00000,0x0000000631d00000)
  from space 3232768K, 51% used [0x0000000631d00000,0x0000000697ff8000,0x00000006f7200000)
  to   space 3195904K, 0% used [0x00000006fa380000,0x00000006fa380000,0x00000007bd480000)
 ParOldGen       total 16316928K, used 14120125K [0x00000000c0000000, 0x00000004a3e80000, 0x000000056ab00000)
  object space 16316928K, 86% used [0x00000000c0000000,0x000000041dd2f430,0x00000004a3e80000)
 Metaspace       used 13068K, capacity 13404K, committed 13568K, reserved 1060864K
  class space    used 1353K, capacity 1478K, committed 1536K, reserved 1048576K
Event: 6699,197 GC heap after
Heap after GC invocations=44 (full 8):
 PSYoungGen      total 6458368K, used 2504256K [0x000000056ab00000, 0x00000007c0000000, 0x00000007c0000000)
  eden space 3262464K, 0% used [0x000000056ab00000,0x000000056ab00000,0x0000000631d00000)
  from space 3195904K, 78% used [0x00000006fa380000,0x0000000793110000,0x00000007bd480000)
  to   space 3261952K, 0% used [0x0000000631d00000,0x0000000631d00000,0x00000006f8e80000)
 ParOldGen       total 16316928K, used 14120125K [0x00000000c0000000, 0x00000004a3e80000, 0x000000056ab00000)
  object space 16316928K, 86% used [0x00000000c0000000,0x000000041dd2f430,0x00000004a3e80000)
 Metaspace       used 13068K, capacity 13404K, committed 13568K, reserved 1060864K
  class space    used 1353K, capacity 1478K, committed 1536K, reserved 1048576K
}
Event: 7013,601 GC heap before
{Heap before GC invocations=45 (full 8):
 PSYoungGen      total 6458368K, used 5766720K [0x000000056ab00000, 0x00000007c0000000, 0x00000007c0000000)
  eden space 3262464K, 100% used [0x000000056ab00000,0x0000000631d00000,0x0000000631d00000)
  from space 3195904K, 78% used [0x00000006fa380000,0x0000000793110000,0x00000007bd480000)
  to   space 3261952K, 0% used [0x0000000631d00000,0x0000000631d00000,0x00000006f8e80000)
 ParOldGen       total 16316928K, used 14120125K [0x00000000c0000000, 0x00000004a3e80000, 0x000000056ab00000)
  object space 16316928K, 86% used [0x00000000c0000000,0x000000041dd2f430,0x00000004a3e80000)
 Metaspace       used 13068K, capacity 13404K, committed 13568K, reserved 1060864K
  class space    used 1353K, capacity 1478K, committed 1536K, reserved 1048576K
Event: 7014,617 GC heap after
Heap after GC invocations=45 (full 8):
 PSYoungGen      total 6524416K, used 1686848K [0x000000056ab00000, 0x00000007c0000000, 0x00000007c0000000)
  eden space 3262464K, 0% used [0x000000056ab00000,0x000000056ab00000,0x0000000631d00000)
  from space 3261952K, 51% used [0x0000000631d00000,0x0000000698c50000,0x00000006f8e80000)
  to   space 3261952K, 0% used [0x00000006f8e80000,0x00000006f8e80000,0x00000007c0000000)
 ParOldGen       total 16316928K, used 15782301K [0x00000000c0000000, 0x00000004a3e80000, 0x000000056ab00000)
  object space 16316928K, 96% used [0x00000000c0000000,0x0000000483467430,0x00000004a3e80000)
 Metaspace       used 13068K, capacity 13404K, committed 13568K, reserved 1060864K
  class space    used 1353K, capacity 1478K, committed 1536K, reserved 1048576K
}
Event: 7014,617 GC heap before
{Heap before GC invocations=46 (full 9):
 PSYoungGen      total 6524416K, used 1686848K [0x000000056ab00000, 0x00000007c0000000, 0x00000007c0000000)
  eden space 3262464K, 0% used [0x000000056ab00000,0x000000056ab00000,0x0000000631d00000)
  from space 3261952K, 51% used [0x0000000631d00000,0x0000000698c50000,0x00000006f8e80000)
  to   space 3261952K, 0% used [0x00000006f8e80000,0x00000006f8e80000,0x00000007c0000000)
 ParOldGen       total 16316928K, used 15782301K [0x00000000c0000000, 0x00000004a3e80000, 0x000000056ab00000)
  object space 16316928K, 96% used [0x00000000c0000000,0x0000000483467430,0x00000004a3e80000)
 Metaspace       used 13068K, capacity 13404K, committed 13568K, reserved 1060864K
  class space    used 1353K, capacity 1478K, committed 1536K, reserved 1048576K

