# JRE version: OpenJDK Runtime Environment (8.0_242-b08) (build 1.8.0_242-8u242-b08-0ubuntu3~18.04-b08)
# Java VM: OpenJDK 64-Bit Server VM (25.242-b08 mixed mode linux-amd64 compressed oops)
Heap:
 PSYoungGen      total 6524416K, used 905811K [0x000000056ab00000, 0x00000007c0000000, 0x00000007c0000000)
  eden space 3262464K, 0% used [0x000000056ab00000,0x000000056ab00000,0x0000000631d00000)
  from space 3261952K, 27% used [0x0000000631d00000,0x0000000669194ff0,0x00000006f8e80000)
  to   space 3261952K, 0% used [0x00000006f8e80000,0x00000006f8e80000,0x00000007c0000000)
 ParOldGen       total 16732160K, used 16731979K [0x00000000c0000000, 0x00000004bd400000, 0x000000056ab00000)
  object space 16732160K, 99% used [0x00000000c0000000,0x00000004bd3d2f88,0x00000004bd400000)
 Metaspace       used 13076K, capacity 13420K, committed 13568K, reserved 1060864K
  class space    used 1353K, capacity 1478K, committed 1536K, reserved 1048576K
GC Heap History (10 events):
Event: 7446,994 GC heap after
Heap after GC invocations=42 (full 9):
 PSYoungGen      total 6524416K, used 836992K [0x000000056ab00000, 0x00000007c0000000, 0x00000007c0000000)
  eden space 3262464K, 0% used [0x000000056ab00000,0x000000056ab00000,0x0000000631d00000)
  from space 3261952K, 25% used [0x0000000631d00000,0x0000000664e60000,0x00000006f8e80000)
  to   space 3261952K, 0% used [0x00000006f8e80000,0x00000006f8e80000,0x00000007c0000000)
 ParOldGen       total 16732160K, used 13514918K [0x00000000c0000000, 0x00000004bd400000, 0x000000056ab00000)
  object space 16732160K, 80% used [0x00000000c0000000,0x00000003f8e29b28,0x00000004bd400000)
 Metaspace       used 13076K, capacity 13420K, committed 13568K, reserved 1060864K
  class space    used 1353K, capacity 1478K, committed 1536K, reserved 1048576K
}
Event: 8012,966 GC heap before
{Heap before GC invocations=43 (full 9):
 PSYoungGen      total 6524416K, used 4099456K [0x000000056ab00000, 0x00000007c0000000, 0x00000007c0000000)
  eden space 3262464K, 100% used [0x000000056ab00000,0x0000000631d00000,0x0000000631d00000)
  from space 3261952K, 25% used [0x0000000631d00000,0x0000000664e60000,0x00000006f8e80000)
  to   space 3261952K, 0% used [0x00000006f8e80000,0x00000006f8e80000,0x00000007c0000000)
 ParOldGen       total 16732160K, used 13514918K [0x00000000c0000000, 0x00000004bd400000, 0x000000056ab00000)
  object space 16732160K, 80% used [0x00000000c0000000,0x00000003f8e29b28,0x00000004bd400000)
 Metaspace       used 13076K, capacity 13420K, committed 13568K, reserved 1060864K
  class space    used 1353K, capacity 1478K, committed 1536K, reserved 1048576K
Event: 8013,491 GC heap after
Heap after GC invocations=43 (full 9):
 PSYoungGen      total 6458880K, used 837312K [0x000000056ab00000, 0x00000007bc000000, 0x00000007c0000000)
  eden space 3262464K, 0% used [0x000000056ab00000,0x000000056ab00000,0x0000000631d00000)
  from space 3196416K, 26% used [0x00000006f8e80000,0x000000072c030000,0x00000007bc000000)
  to   space 3229184K, 0% used [0x0000000631d00000,0x0000000631d00000,0x00000006f6e80000)
 ParOldGen       total 16732160K, used 14335894K [0x00000000c0000000, 0x00000004bd400000, 0x000000056ab00000)
  object space 16732160K, 85% used [0x00000000c0000000,0x000000042afe5b28,0x00000004bd400000)
 Metaspace       used 13076K, capacity 13420K, committed 13568K, reserved 1060864K
  class space    used 1353K, capacity 1478K, committed 1536K, reserved 1048576K
}
Event: 8509,028 GC heap before
{Heap before GC invocations=44 (full 9):
 PSYoungGen      total 6458880K, used 4099776K [0x000000056ab00000, 0x00000007bc000000, 0x00000007c0000000)
  eden space 3262464K, 100% used [0x000000056ab00000,0x0000000631d00000,0x0000000631d00000)
  from space 3196416K, 26% used [0x00000006f8e80000,0x000000072c030000,0x00000007bc000000)
  to   space 3229184K, 0% used [0x0000000631d00000,0x0000000631d00000,0x00000006f6e80000)
 ParOldGen       total 16732160K, used 14335894K [0x00000000c0000000, 0x00000004bd400000, 0x000000056ab00000)
  object space 16732160K, 85% used [0x00000000c0000000,0x000000042afe5b28,0x00000004bd400000)
 Metaspace       used 13076K, capacity 13420K, committed 13568K, reserved 1060864K
  class space    used 1353K, capacity 1478K, committed 1536K, reserved 1048576K
Event: 8509,461 GC heap after
Heap after GC invocations=44 (full 9):
 PSYoungGen      total 6491648K, used 1677184K [0x000000056ab00000, 0x00000007bdb00000, 0x00000007c0000000)
  eden space 3262464K, 0% used [0x000000056ab00000,0x000000056ab00000,0x0000000631d00000)
  from space 3229184K, 51% used [0x0000000631d00000,0x00000006982e0000,0x00000006f6e80000)
  to   space 3193856K, 0% used [0x00000006fac00000,0x00000006fac00000,0x00000007bdb00000)
 ParOldGen       total 16732160K, used 14335894K [0x00000000c0000000, 0x00000004bd400000, 0x000000056ab00000)
  object space 16732160K, 85% used [0x00000000c0000000,0x000000042afe5b28,0x00000004bd400000)
 Metaspace       used 13076K, capacity 13420K, committed 13568K, reserved 1060864K
  class space    used 1353K, capacity 1478K, committed 1536K, reserved 1048576K
}
Event: 9066,849 GC heap before
{Heap before GC invocations=45 (full 9):
 PSYoungGen      total 6491648K, used 4939648K [0x000000056ab00000, 0x00000007bdb00000, 0x00000007c0000000)
  eden space 3262464K, 100% used [0x000000056ab00000,0x0000000631d00000,0x0000000631d00000)
  from space 3229184K, 51% used [0x0000000631d00000,0x00000006982e0000,0x00000006f6e80000)
  to   space 3193856K, 0% used [0x00000006fac00000,0x00000006fac00000,0x00000007bdb00000)
 ParOldGen       total 16732160K, used 14335894K [0x00000000c0000000, 0x00000004bd400000, 0x000000056ab00000)
  object space 16732160K, 85% used [0x00000000c0000000,0x000000042afe5b28,0x00000004bd400000)
 Metaspace       used 13076K, capacity 13420K, committed 13568K, reserved 1060864K
  class space    used 1353K, capacity 1478K, committed 1536K, reserved 1048576K
Event: 9067,465 GC heap after
Heap after GC invocations=45 (full 9):
 PSYoungGen      total 6456320K, used 2502752K [0x000000056ab00000, 0x00000007c0000000, 0x00000007c0000000)
  eden space 3262464K, 0% used [0x000000056ab00000,0x000000056ab00000,0x0000000631d00000)
  from space 3193856K, 78% used [0x00000006fac00000,0x0000000793818000,0x00000007bdb00000)
  to   space 3261952K, 0% used [0x0000000631d00000,0x0000000631d00000,0x00000006f8e80000)
 ParOldGen       total 16732160K, used 14335894K [0x00000000c0000000, 0x00000004bd400000, 0x000000056ab00000)
  object space 16732160K, 85% used [0x00000000c0000000,0x000000042afe5b28,0x00000004bd400000)
 Metaspace       used 13076K, capacity 13420K, committed 13568K, reserved 1060864K
  class space    used 1353K, capacity 1478K, committed 1536K, reserved 1048576K
}
Event: 9591,647 GC heap before
{Heap before GC invocations=46 (full 9):
 PSYoungGen      total 6456320K, used 5765216K [0x000000056ab00000, 0x00000007c0000000, 0x00000007c0000000)
  eden space 3262464K, 100% used [0x000000056ab00000,0x0000000631d00000,0x0000000631d00000)
  from space 3193856K, 78% used [0x00000006fac00000,0x0000000793818000,0x00000007bdb00000)
  to   space 3261952K, 0% used [0x0000000631d00000,0x0000000631d00000,0x00000006f8e80000)
 ParOldGen       total 16732160K, used 14335894K [0x00000000c0000000, 0x00000004bd400000, 0x000000056ab00000)
  object space 16732160K, 85% used [0x00000000c0000000,0x000000042afe5b28,0x00000004bd400000)
 Metaspace       used 13076K, capacity 13420K, committed 13568K, reserved 1060864K
  class space    used 1353K, capacity 1478K, committed 1536K, reserved 1048576K
Event: 9592,660 GC heap after
Heap after GC invocations=46 (full 9):
 PSYoungGen      total 6524416K, used 1675104K [0x000000056ab00000, 0x00000007c0000000, 0x00000007c0000000)
  eden space 3262464K, 0% used [0x000000056ab00000,0x000000056ab00000,0x0000000631d00000)
  from space 3261952K, 51% used [0x0000000631d00000,0x00000006980d8000,0x00000006f8e80000)
  to   space 3261952K, 0% used [0x00000006f8e80000,0x00000006f8e80000,0x00000007c0000000)
 ParOldGen       total 16732160K, used 16001102K [0x00000000c0000000, 0x00000004bd400000, 0x000000056ab00000)
  object space 16732160K, 95% used [0x00000000c0000000,0x0000000490a13b28,0x00000004bd400000)
 Metaspace       used 13076K, capacity 13420K, committed 13568K, reserved 1060864K
  class space    used 1353K, capacity 1478K, committed 1536K, reserved 1048576K
}
Event: 9592,660 GC heap before
{Heap before GC invocations=47 (full 10):
 PSYoungGen      total 6524416K, used 1675104K [0x000000056ab00000, 0x00000007c0000000, 0x00000007c0000000)
  eden space 3262464K, 0% used [0x000000056ab00000,0x000000056ab00000,0x0000000631d00000)
  from space 3261952K, 51% used [0x0000000631d00000,0x00000006980d8000,0x00000006f8e80000)
  to   space 3261952K, 0% used [0x00000006f8e80000,0x00000006f8e80000,0x00000007c0000000)
 ParOldGen       total 16732160K, used 16001102K [0x00000000c0000000, 0x00000004bd400000, 0x000000056ab00000)
  object space 16732160K, 95% used [0x00000000c0000000,0x0000000490a13b28,0x00000004bd400000)
 Metaspace       used 13076K, capacity 13420K, committed 13568K, reserved 1060864K
  class space    used 1353K, capacity 1478K, committed 1536K, reserved 1048576K

